webbrowser-app
deja-dup
evolution
arora
controlaula
gwibber
empathy
liferea
edubuntu-menueditor
ubuntuone-client
thunderbird
ubuntuone-*
avahi-daemon
landscape-client-ui-install
unity-scope-audacious
unity-scope-firefoxbookmarks
unity-scope-manpages
unity-scope-video-remote
unity-scope-gdrive
unity-scope-musicstores
unity-scope-virtualbox
unity-scope-chromiumbookmarks
unity-scope-gmusicbrowser
unity-scope-musique
unity-scope-yelp
unity-scope-clementine
unity-scope-gourmet
unity-scope-openclipart
unity-scope-zotero
unity-scope-colourlovers
unity-scope-guayadeque
unity-scope-texdoc
unity-scope-devhelp
unity-scope-tomboy             

