openssh-server
edubuntu-desktop
vlc
openoffice.org-base
nfs-common
flashplugin-nonfree
vncviewer
x11vnc
ca-certificates-java
cabextract
flashplugin-installer
freepats
gstreamer0.10-ffmpeg 
gstreamer0.10-plugins-bad 
gstreamer0.10-plugins-ugly 
icedtea-6-jre-cacao 
icedtea6-plugin 
java-common
libaccess-bridge-java 
libaccess-bridge-java-jni 
openjdk-6-jre 
openjdk-6-jre-headless 
openjdk-6-jre-lib 
ttf-dejavu-extra 
tzdata-java 
unrar
gimp
pitivi
cheese
libreoffice-l10n-en-za
poppler-data
gimp-help-en
language-pack-kde-en
thunderbird-locale-en-gb
openoffice.org-hyphenation
hunspell-en-ca
mythes-en-au
hyphen-en-us
myspell-en-au
myspell-en-gb
thunderbird-locale-en-us
thunderbird-locale-en
kde-l10n-engb
firefox-locale-en
libreoffice-l10n-en-gb
myspell-en-za
wbritish
libreoffice-help-en-gb
mythes-en-us
wamerican

